<?xml version="1.0" encoding="UTF-8"?>
<testsuite xmlns:xsi="http://www.w3.org/2001/XMLSchema-instance" xsi:noNamespaceSchemaLocation="https://maven.apache.org/surefire/maven-surefire-plugin/xsd/surefire-test-report-3.0.xsd" version="3.0" name="com.movies.movies_api.api.MovieManagerTest" time="31.277" tests="2" errors="0" skipped="0" failures="0">
  <properties>
[...]
</properties>
  <testcase name="testGetMovies(int, int, int, int, boolean)[1]" classname="com.movies.movies_api.api.MovieManagerTest" time="0.693">
    <system-out><![CDATA[16:15:39.879 [main] INFO org.springframework.test.context.support.AnnotationConfigContextLoaderUtils -- Could not detect default configuration classes for test class [com.movies.movies_api.api.MovieManagerTest]: MovieManagerTest does not declare any static, non-private, non-final, nested classes annotated with @Configuration.
16:15:39.957 [main] INFO org.springframework.boot.test.context.SpringBootTestContextBootstrapper -- Found @SpringBootConfiguration com.movies.movies_api.MoviesApiApplication for test class com.movies.movies_api.api.MovieManagerTest
16:15:40.053 [main] INFO org.testcontainers.images.PullPolicy -- Image pull policy will be performed by: DefaultPullPolicy()
16:15:40.054 [main] INFO org.testcontainers.utility.ImageNameSubstitutor -- Image name substitution will be performed by: DefaultImageNameSubstitutor (composite of 'ConfigurationFileImageNameSubstitutor' and 'PrefixingImageNameSubstitutor')
16:15:40.370 [main] INFO org.testcontainers.dockerclient.DockerClientProviderStrategy -- Loaded org.testcontainers.dockerclient.UnixSocketClientProviderStrategy from ~/.testcontainers.properties, will try it first
16:15:40.614 [main] INFO org.testcontainers.dockerclient.DockerClientProviderStrategy -- Found Docker environment with local Unix socket (unix:///var/run/docker.sock)
16:15:40.615 [main] INFO org.testcontainers.DockerClientFactory -- Docker host IP address is localhost
16:15:40.633 [main] INFO org.testcontainers.DockerClientFactory -- Connected to docker: 
  Server Version: 24.0.5
  API Version: 1.43
  Operating System: Ubuntu Core 22
  Total Memory: 7929 MB
16:15:40.662 [main] INFO tc.testcontainers/ryuk:0.7.0 -- Creating container for image: testcontainers/ryuk:0.7.0
16:15:40.664 [main] INFO org.testcontainers.utility.RegistryAuthLocator -- Failure when attempting to lookup auth config. Please ignore if you don't have images in an authenticated registry. Details: (dockerImageName: testcontainers/ryuk:0.7.0, configFile: /home/musimarc/.docker/config.json, configEnv: DOCKER_AUTH_CONFIG). Falling back to docker-java default behaviour. Exception message: Status 404: No config supplied. Checked in order: /home/musimarc/.docker/config.json (file not found), DOCKER_AUTH_CONFIG (not set)
16:15:40.731 [main] INFO tc.testcontainers/ryuk:0.7.0 -- Container testcontainers/ryuk:0.7.0 is starting: 92a666a6f95dbece1d1d6e718fdf56f015af741a2da556216ae6fbf50debb770
16:15:42.333 [main] INFO tc.testcontainers/ryuk:0.7.0 -- Container testcontainers/ryuk:0.7.0 started in PT1.671539754S
16:15:42.338 [main] INFO org.testcontainers.utility.RyukResourceReaper -- Ryuk started - will monitor and terminate Testcontainers containers on JVM exit
16:15:42.338 [main] INFO org.testcontainers.DockerClientFactory -- Checking the system...
16:15:42.338 [main] INFO org.testcontainers.DockerClientFactory -- ✔︎ Docker server version should be at least 1.6.0
16:15:42.338 [main] INFO tc.postgres:14-alpine -- Creating container for image: postgres:14-alpine
16:15:42.392 [main] INFO tc.postgres:14-alpine -- Container postgres:14-alpine is starting: 02597537178a33edb0b1656471e99bf37455e649a68f343fd10a5925da90ad68
16:15:45.572 [main] INFO tc.postgres:14-alpine -- Container postgres:14-alpine started in PT3.233206676S
16:15:45.572 [main] INFO tc.postgres:14-alpine -- Container is started (JDBC URL: jdbc:postgresql://localhost:32774/test?loggerLevel=OFF)
16:15:45.680 [main] INFO org.springframework.boot.devtools.restart.RestartApplicationListener -- Restart disabled due to context in which it is running

  .   ____          _            __ _ _
 /\\ / ___'_ __ _ _(_)_ __  __ _ \ \ \ \
( ( )\___ | '_ | '_| | '_ \/ _` | \ \ \ \
 \\/  ___)| |_)| | | | | || (_| |  ) ) ) )
  '  |____| .__|_| |_|_| |_\__, | / / / /
 =========|_|==============|___/=/_/_/_/

 :: Spring Boot ::                (v3.3.3)

2024-09-22T16:15:46.298+02:00  INFO 19842 --- [movies-api] [           main] c.m.movies_api.api.MovieManagerTest      : Starting MovieManagerTest using Java 17.0.9 with PID 19842 (started by musimarc in /home/musimarc/IdeaProjects/springboot-kubernetes-test/movie-test)
2024-09-22T16:15:46.299+02:00  INFO 19842 --- [movies-api] [           main] c.m.movies_api.api.MovieManagerTest      : No active profile set, falling back to 1 default profile: "default"
2024-09-22T16:15:46.817+02:00  INFO 19842 --- [movies-api] [           main] .s.d.r.c.RepositoryConfigurationDelegate : Bootstrapping Spring Data JPA repositories in DEFAULT mode.
2024-09-22T16:15:46.842+02:00  INFO 19842 --- [movies-api] [           main] .s.d.r.c.RepositoryConfigurationDelegate : Finished Spring Data repository scanning in 22 ms. Found 1 JPA repository interface.
2024-09-22T16:15:47.305+02:00  INFO 19842 --- [movies-api] [           main] o.s.b.w.embedded.tomcat.TomcatWebServer  : Tomcat initialized with port 0 (http)
2024-09-22T16:15:47.315+02:00  INFO 19842 --- [movies-api] [           main] o.apache.catalina.core.StandardService   : Starting service [Tomcat]
2024-09-22T16:15:47.315+02:00  INFO 19842 --- [movies-api] [           main] o.apache.catalina.core.StandardEngine    : Starting Servlet engine: [Apache Tomcat/10.1.28]
2024-09-22T16:15:47.362+02:00  INFO 19842 --- [movies-api] [           main] o.a.c.c.C.[Tomcat].[localhost].[/]       : Initializing Spring embedded WebApplicationContext
2024-09-22T16:15:47.363+02:00  INFO 19842 --- [movies-api] [           main] w.s.c.ServletWebServerApplicationContext : Root WebApplicationContext: initialization completed in 1055 ms
2024-09-22T16:15:47.570+02:00  INFO 19842 --- [movies-api] [           main] com.zaxxer.hikari.HikariDataSource       : HikariPool-1 - Starting...
2024-09-22T16:15:47.709+02:00  INFO 19842 --- [movies-api] [           main] com.zaxxer.hikari.pool.HikariPool        : HikariPool-1 - Added connection org.postgresql.jdbc.PgConnection@67cd84f9
2024-09-22T16:15:47.710+02:00  INFO 19842 --- [movies-api] [           main] com.zaxxer.hikari.HikariDataSource       : HikariPool-1 - Start completed.
2024-09-22T16:15:47.729+02:00  INFO 19842 --- [movies-api] [           main] org.flywaydb.core.FlywayExecutor         : Database: jdbc:postgresql://localhost:32774/test (PostgreSQL 14.13)
2024-09-22T16:15:47.752+02:00  INFO 19842 --- [movies-api] [           main] o.f.c.i.s.JdbcTableSchemaHistory         : Schema history table "public"."flyway_schema_history" does not exist yet
2024-09-22T16:15:47.754+02:00  INFO 19842 --- [movies-api] [           main] o.f.core.internal.command.DbValidate     : Successfully validated 2 migrations (execution time 00:00.012s)
2024-09-22T16:15:47.768+02:00  INFO 19842 --- [movies-api] [           main] o.f.c.i.s.JdbcTableSchemaHistory         : Creating Schema History table "public"."flyway_schema_history" ...
2024-09-22T16:15:47.966+02:00  INFO 19842 --- [movies-api] [           main] o.f.core.internal.command.DbMigrate      : Current version of schema "public": << Empty Schema >>
2024-09-22T16:15:47.972+02:00  INFO 19842 --- [movies-api] [           main] o.f.core.internal.command.DbMigrate      : Migrating schema "public" to version "1 - create movie table"
2024-09-22T16:15:47.993+02:00  INFO 19842 --- [movies-api] [           main] o.f.core.internal.command.DbMigrate      : Migrating schema "public" to version "2 - insert test data"
2024-09-22T16:15:48.020+02:00  INFO 19842 --- [movies-api] [           main] o.f.core.internal.command.DbMigrate      : Successfully applied 2 migrations to schema "public", now at version v2 (execution time 00:00.012s)
2024-09-22T16:15:48.072+02:00  INFO 19842 --- [movies-api] [           main] o.hibernate.jpa.internal.util.LogHelper  : HHH000204: Processing PersistenceUnitInfo [name: default]
2024-09-22T16:15:48.096+02:00  INFO 19842 --- [movies-api] [           main] org.hibernate.Version                    : HHH000412: Hibernate ORM core version 6.5.2.Final
2024-09-22T16:15:48.112+02:00  INFO 19842 --- [movies-api] [           main] o.h.c.internal.RegionFactoryInitiator    : HHH000026: Second-level cache disabled
2024-09-22T16:15:48.274+02:00  INFO 19842 --- [movies-api] [           main] o.s.o.j.p.SpringPersistenceUnitInfo      : No LoadTimeWeaver setup: ignoring JPA class transformer
2024-09-22T16:15:48.824+02:00  INFO 19842 --- [movies-api] [           main] o.h.e.t.j.p.i.JtaPlatformInitiator       : HHH000489: No JTA platform available (set 'hibernate.transaction.jta.platform' to enable JTA platform integration)
2024-09-22T16:15:48.845+02:00  INFO 19842 --- [movies-api] [           main] j.LocalContainerEntityManagerFactoryBean : Initialized JPA EntityManagerFactory for persistence unit 'default'
2024-09-22T16:15:49.008+02:00  INFO 19842 --- [movies-api] [           main] o.s.d.j.r.query.QueryEnhancerFactory     : Hibernate is in classpath; If applicable, HQL parser will be used.
2024-09-22T16:15:49.420+02:00  WARN 19842 --- [movies-api] [           main] JpaBaseConfiguration$JpaWebConfiguration : spring.jpa.open-in-view is enabled by default. Therefore, database queries may be performed during view rendering. Explicitly configure spring.jpa.open-in-view to disable this warning
2024-09-22T16:15:49.879+02:00  INFO 19842 --- [movies-api] [           main] o.a.c.c.C.[Tomcat].[localhost].[/]       : Initializing Spring TestDispatcherServlet ''
2024-09-22T16:15:49.879+02:00  INFO 19842 --- [movies-api] [           main] o.s.t.web.servlet.TestDispatcherServlet  : Initializing Servlet ''
2024-09-22T16:15:49.885+02:00  INFO 19842 --- [movies-api] [           main] o.s.b.a.e.web.EndpointLinksResolver      : Exposing 1 endpoint beneath base path '/actuator'
2024-09-22T16:15:49.894+02:00  INFO 19842 --- [movies-api] [           main] o.s.t.web.servlet.TestDispatcherServlet  : Completed initialization in 15 ms
2024-09-22T16:15:49.951+02:00  INFO 19842 --- [movies-api] [           main] o.s.b.w.embedded.tomcat.TomcatWebServer  : Tomcat started on port 42947 (http) with context path '/'
2024-09-22T16:15:49.971+02:00  INFO 19842 --- [movies-api] [           main] c.m.movies_api.api.MovieManagerTest      : Started MovieManagerTest in 4.296 seconds (process running for 11.113)
]]></system-out>
  </testcase>
  <testcase name="testGetMovies(int, int, int, int, boolean)[2]" classname="com.movies.movies_api.api.MovieManagerTest" time="0.034"/>
</testsuite>