<?xml version="1.0" encoding="UTF-8"?>
<testsuite xmlns:xsi="http://www.w3.org/2001/XMLSchema-instance" xsi:noNamespaceSchemaLocation="https://maven.apache.org/surefire/maven-surefire-plugin/xsd/surefire-test-report-3.0.xsd" version="3.0" name="com.movies.movies_api.api.MovieManagerTest" time="30.845" tests="2" errors="0" skipped="0" failures="0">
  <properties>
[...]
</properties>
  <testcase name="testGetMovies(int, int, int, int, boolean)[1]" classname="com.movies.movies_api.api.MovieManagerTest" time="0.542">
    <system-out><![CDATA[23:50:02.860 [main] INFO org.springframework.test.context.support.AnnotationConfigContextLoaderUtils -- Could not detect default configuration classes for test class [com.movies.movies_api.api.MovieManagerTest]: MovieManagerTest does not declare any static, non-private, non-final, nested classes annotated with @Configuration.
23:50:02.961 [main] INFO org.springframework.boot.test.context.SpringBootTestContextBootstrapper -- Found @SpringBootConfiguration com.movies.movies_api.MoviesApiApplication for test class com.movies.movies_api.api.MovieManagerTest
23:50:03.076 [main] INFO org.testcontainers.images.PullPolicy -- Image pull policy will be performed by: DefaultPullPolicy()
23:50:03.077 [main] INFO org.testcontainers.utility.ImageNameSubstitutor -- Image name substitution will be performed by: DefaultImageNameSubstitutor (composite of 'ConfigurationFileImageNameSubstitutor' and 'PrefixingImageNameSubstitutor')
23:50:03.180 [main] INFO org.testcontainers.dockerclient.DockerClientProviderStrategy -- Loaded org.testcontainers.dockerclient.UnixSocketClientProviderStrategy from ~/.testcontainers.properties, will try it first
23:50:03.420 [main] INFO org.testcontainers.dockerclient.DockerClientProviderStrategy -- Found Docker environment with local Unix socket (unix:///var/run/docker.sock)
23:50:03.422 [main] INFO org.testcontainers.DockerClientFactory -- Docker host IP address is localhost
23:50:03.476 [main] INFO org.testcontainers.DockerClientFactory -- Connected to docker: 
  Server Version: 24.0.5
  API Version: 1.43
  Operating System: Ubuntu Core 22
  Total Memory: 7929 MB
23:50:03.521 [main] INFO tc.testcontainers/ryuk:0.7.0 -- Creating container for image: testcontainers/ryuk:0.7.0
23:50:03.524 [main] INFO org.testcontainers.utility.RegistryAuthLocator -- Failure when attempting to lookup auth config. Please ignore if you don't have images in an authenticated registry. Details: (dockerImageName: testcontainers/ryuk:0.7.0, configFile: /home/musimarc/.docker/config.json, configEnv: DOCKER_AUTH_CONFIG). Falling back to docker-java default behaviour. Exception message: Status 404: No config supplied. Checked in order: /home/musimarc/.docker/config.json (file not found), DOCKER_AUTH_CONFIG (not set)
23:50:03.631 [main] INFO tc.testcontainers/ryuk:0.7.0 -- Container testcontainers/ryuk:0.7.0 is starting: 8b63e19163282d4ba00d79079b8fb922dc6cca81f1ff749d4ae821ed75b61781
23:50:05.342 [main] INFO tc.testcontainers/ryuk:0.7.0 -- Container testcontainers/ryuk:0.7.0 started in PT1.820717711S
23:50:05.347 [main] INFO org.testcontainers.utility.RyukResourceReaper -- Ryuk started - will monitor and terminate Testcontainers containers on JVM exit
23:50:05.347 [main] INFO org.testcontainers.DockerClientFactory -- Checking the system...
23:50:05.348 [main] INFO org.testcontainers.DockerClientFactory -- ✔︎ Docker server version should be at least 1.6.0
23:50:05.350 [main] INFO tc.postgres:14-alpine -- Creating container for image: postgres:14-alpine
23:50:05.395 [main] INFO tc.postgres:14-alpine -- Container postgres:14-alpine is starting: 691581bbdc3f87c1b5ec2237d9d4027005cedd26b7a52824f035cece26b08e99
23:50:08.100 [main] INFO tc.postgres:14-alpine -- Container postgres:14-alpine started in PT2.750185521S
23:50:08.101 [main] INFO tc.postgres:14-alpine -- Container is started (JDBC URL: jdbc:postgresql://localhost:32772/test?loggerLevel=OFF)
23:50:08.159 [main] INFO org.springframework.boot.devtools.restart.RestartApplicationListener -- Restart disabled due to context in which it is running

  .   ____          _            __ _ _
 /\\ / ___'_ __ _ _(_)_ __  __ _ \ \ \ \
( ( )\___ | '_ | '_| | '_ \/ _` | \ \ \ \
 \\/  ___)| |_)| | | | | || (_| |  ) ) ) )
  '  |____| .__|_| |_|_| |_\__, | / / / /
 =========|_|==============|___/=/_/_/_/

 :: Spring Boot ::                (v3.3.3)

2024-09-21T23:50:08.658+02:00  INFO 6323 --- [movies-api] [           main] c.m.movies_api.api.MovieManagerTest      : Starting MovieManagerTest using Java 17.0.7 with PID 6323 (started by musimarc in /home/musimarc/IdeaProjects/movie-test)
2024-09-21T23:50:08.663+02:00  INFO 6323 --- [movies-api] [           main] c.m.movies_api.api.MovieManagerTest      : No active profile set, falling back to 1 default profile: "default"
2024-09-21T23:50:09.407+02:00  INFO 6323 --- [movies-api] [           main] .s.d.r.c.RepositoryConfigurationDelegate : Bootstrapping Spring Data JPA repositories in DEFAULT mode.
2024-09-21T23:50:09.435+02:00  INFO 6323 --- [movies-api] [           main] .s.d.r.c.RepositoryConfigurationDelegate : Finished Spring Data repository scanning in 24 ms. Found 1 JPA repository interface.
2024-09-21T23:50:09.896+02:00  INFO 6323 --- [movies-api] [           main] o.s.b.w.embedded.tomcat.TomcatWebServer  : Tomcat initialized with port 0 (http)
2024-09-21T23:50:09.903+02:00  INFO 6323 --- [movies-api] [           main] o.apache.catalina.core.StandardService   : Starting service [Tomcat]
2024-09-21T23:50:09.903+02:00  INFO 6323 --- [movies-api] [           main] o.apache.catalina.core.StandardEngine    : Starting Servlet engine: [Apache Tomcat/10.1.28]
2024-09-21T23:50:09.937+02:00  INFO 6323 --- [movies-api] [           main] o.a.c.c.C.[Tomcat].[localhost].[/]       : Initializing Spring embedded WebApplicationContext
2024-09-21T23:50:09.938+02:00  INFO 6323 --- [movies-api] [           main] w.s.c.ServletWebServerApplicationContext : Root WebApplicationContext: initialization completed in 1263 ms
2024-09-21T23:50:10.138+02:00  INFO 6323 --- [movies-api] [           main] com.zaxxer.hikari.HikariDataSource       : HikariPool-1 - Starting...
2024-09-21T23:50:10.293+02:00  INFO 6323 --- [movies-api] [           main] com.zaxxer.hikari.pool.HikariPool        : HikariPool-1 - Added connection org.postgresql.jdbc.PgConnection@2d23a5be
2024-09-21T23:50:10.294+02:00  INFO 6323 --- [movies-api] [           main] com.zaxxer.hikari.HikariDataSource       : HikariPool-1 - Start completed.
2024-09-21T23:50:10.315+02:00  INFO 6323 --- [movies-api] [           main] org.flywaydb.core.FlywayExecutor         : Database: jdbc:postgresql://localhost:32772/test (PostgreSQL 14.13)
2024-09-21T23:50:10.335+02:00  INFO 6323 --- [movies-api] [           main] o.f.c.i.s.JdbcTableSchemaHistory         : Schema history table "public"."flyway_schema_history" does not exist yet
2024-09-21T23:50:10.337+02:00  INFO 6323 --- [movies-api] [           main] o.f.core.internal.command.DbValidate     : Successfully validated 2 migrations (execution time 00:00.010s)
2024-09-21T23:50:10.349+02:00  INFO 6323 --- [movies-api] [           main] o.f.c.i.s.JdbcTableSchemaHistory         : Creating Schema History table "public"."flyway_schema_history" ...
2024-09-21T23:50:10.399+02:00  INFO 6323 --- [movies-api] [           main] o.f.core.internal.command.DbMigrate      : Current version of schema "public": << Empty Schema >>
2024-09-21T23:50:10.408+02:00  INFO 6323 --- [movies-api] [           main] o.f.core.internal.command.DbMigrate      : Migrating schema "public" to version "1 - create movie table"
2024-09-21T23:50:10.440+02:00  INFO 6323 --- [movies-api] [           main] o.f.core.internal.command.DbMigrate      : Migrating schema "public" to version "2 - insert test data"
2024-09-21T23:50:10.448+02:00  INFO 6323 --- [movies-api] [           main] o.f.core.internal.command.DbMigrate      : Successfully applied 2 migrations to schema "public", now at version v2 (execution time 00:00.013s)
2024-09-21T23:50:10.864+02:00  INFO 6323 --- [movies-api] [           main] o.hibernate.jpa.internal.util.LogHelper  : HHH000204: Processing PersistenceUnitInfo [name: default]
2024-09-21T23:50:11.011+02:00  INFO 6323 --- [movies-api] [           main] org.hibernate.Version                    : HHH000412: Hibernate ORM core version 6.5.2.Final
2024-09-21T23:50:11.057+02:00  INFO 6323 --- [movies-api] [           main] o.h.c.internal.RegionFactoryInitiator    : HHH000026: Second-level cache disabled
2024-09-21T23:50:11.282+02:00  INFO 6323 --- [movies-api] [           main] o.s.o.j.p.SpringPersistenceUnitInfo      : No LoadTimeWeaver setup: ignoring JPA class transformer
2024-09-21T23:50:11.851+02:00  INFO 6323 --- [movies-api] [           main] o.h.e.t.j.p.i.JtaPlatformInitiator       : HHH000489: No JTA platform available (set 'hibernate.transaction.jta.platform' to enable JTA platform integration)
2024-09-21T23:50:11.873+02:00  INFO 6323 --- [movies-api] [           main] j.LocalContainerEntityManagerFactoryBean : Initialized JPA EntityManagerFactory for persistence unit 'default'
2024-09-21T23:50:12.023+02:00  INFO 6323 --- [movies-api] [           main] o.s.d.j.r.query.QueryEnhancerFactory     : Hibernate is in classpath; If applicable, HQL parser will be used.
2024-09-21T23:50:12.376+02:00  WARN 6323 --- [movies-api] [           main] JpaBaseConfiguration$JpaWebConfiguration : spring.jpa.open-in-view is enabled by default. Therefore, database queries may be performed during view rendering. Explicitly configure spring.jpa.open-in-view to disable this warning
2024-09-21T23:50:12.802+02:00  INFO 6323 --- [movies-api] [           main] o.a.c.c.C.[Tomcat].[localhost].[/]       : Initializing Spring TestDispatcherServlet ''
2024-09-21T23:50:12.802+02:00  INFO 6323 --- [movies-api] [           main] o.s.t.web.servlet.TestDispatcherServlet  : Initializing Servlet ''
2024-09-21T23:50:12.806+02:00  INFO 6323 --- [movies-api] [           main] o.s.b.a.e.web.EndpointLinksResolver      : Exposing 1 endpoint beneath base path '/actuator'
2024-09-21T23:50:12.817+02:00  INFO 6323 --- [movies-api] [           main] o.s.t.web.servlet.TestDispatcherServlet  : Completed initialization in 15 ms
2024-09-21T23:50:12.864+02:00  INFO 6323 --- [movies-api] [           main] o.s.b.w.embedded.tomcat.TomcatWebServer  : Tomcat started on port 33609 (http) with context path '/'
2024-09-21T23:50:12.875+02:00  INFO 6323 --- [movies-api] [           main] c.m.movies_api.api.MovieManagerTest      : Started MovieManagerTest in 4.721 seconds (process running for 10.73)
]]></system-out>
  </testcase>
  <testcase name="testGetMovies(int, int, int, int, boolean)[2]" classname="com.movies.movies_api.api.MovieManagerTest" time="0.05"/>
</testsuite>