<?xml version="1.0" encoding="UTF-8"?>
<testsuite xmlns:xsi="http://www.w3.org/2001/XMLSchema-instance" xsi:noNamespaceSchemaLocation="https://maven.apache.org/surefire/maven-surefire-plugin/xsd/surefire-test-report-3.0.xsd" version="3.0" name="com.movies.movies_api.MoviesApiApplicationTests" time="2.802" tests="1" errors="0" skipped="0" failures="0">
  <properties>
[...]
</properties>
  <testcase name="contextLoads" classname="com.movies.movies_api.MoviesApiApplicationTests" time="0.003">
    <system-out><![CDATA[2024-09-21T23:50:33.590+02:00  INFO 6323 --- [movies-api] [           main] t.c.s.AnnotationConfigContextLoaderUtils : Could not detect default configuration classes for test class [com.movies.movies_api.MoviesApiApplicationTests]: MoviesApiApplicationTests does not declare any static, non-private, non-final, nested classes annotated with @Configuration.
2024-09-21T23:50:33.597+02:00  INFO 6323 --- [movies-api] [           main] .b.t.c.SpringBootTestContextBootstrapper : Found @SpringBootConfiguration com.movies.movies_api.MoviesApiApplication for test class com.movies.movies_api.MoviesApiApplicationTests
2024-09-21T23:50:33.611+02:00  INFO 6323 --- [movies-api] [           main] o.s.b.d.r.RestartApplicationListener     : Restart disabled due to context in which it is running

  .   ____          _            __ _ _
 /\\ / ___'_ __ _ _(_)_ __  __ _ \ \ \ \
( ( )\___ | '_ | '_| | '_ \/ _` | \ \ \ \
 \\/  ___)| |_)| | | | | || (_| |  ) ) ) )
  '  |____| .__|_| |_|_| |_\__, | / / / /
 =========|_|==============|___/=/_/_/_/

 :: Spring Boot ::                (v3.3.3)

2024-09-21T23:50:33.629+02:00  INFO 6323 --- [movies-api] [           main] c.m.m.MoviesApiApplicationTests          : Starting MoviesApiApplicationTests using Java 17.0.7 with PID 6323 (started by musimarc in /home/musimarc/IdeaProjects/movie-test)
2024-09-21T23:50:33.629+02:00  INFO 6323 --- [movies-api] [           main] c.m.m.MoviesApiApplicationTests          : No active profile set, falling back to 1 default profile: "default"
2024-09-21T23:50:33.746+02:00  INFO 6323 --- [movies-api] [           main] .s.d.r.c.RepositoryConfigurationDelegate : Bootstrapping Spring Data JPA repositories in DEFAULT mode.
2024-09-21T23:50:33.750+02:00  INFO 6323 --- [movies-api] [           main] .s.d.r.c.RepositoryConfigurationDelegate : Finished Spring Data repository scanning in 3 ms. Found 1 JPA repository interface.
2024-09-21T23:50:33.790+02:00  INFO 6323 --- [movies-api] [           main] tc.postgres:latest                       : Creating container for image: postgres:latest
2024-09-21T23:50:34.001+02:00  INFO 6323 --- [movies-api] [           main] tc.postgres:latest                       : Container postgres:latest is starting: b2439339e6bbeae1497cf97d99a5aaabe6cefd810a9e359cc60c9e207a55b54a
2024-09-21T23:50:35.783+02:00  INFO 6323 --- [movies-api] [           main] tc.postgres:latest                       : Container postgres:latest started in PT1.993444958S
2024-09-21T23:50:35.784+02:00  INFO 6323 --- [movies-api] [           main] tc.postgres:latest                       : Container is started (JDBC URL: jdbc:postgresql://localhost:32773/test?loggerLevel=OFF)
2024-09-21T23:50:35.863+02:00  INFO 6323 --- [movies-api] [           main] org.flywaydb.core.FlywayExecutor         : Database: jdbc:postgresql://localhost:32773/test (PostgreSQL 16.4)
2024-09-21T23:50:35.871+02:00  INFO 6323 --- [movies-api] [           main] o.f.c.i.s.JdbcTableSchemaHistory         : Schema history table "public"."flyway_schema_history" does not exist yet
2024-09-21T23:50:35.871+02:00  INFO 6323 --- [movies-api] [           main] o.f.core.internal.command.DbValidate     : Successfully validated 2 migrations (execution time 00:00.002s)
2024-09-21T23:50:35.878+02:00  INFO 6323 --- [movies-api] [           main] o.f.c.i.s.JdbcTableSchemaHistory         : Creating Schema History table "public"."flyway_schema_history" ...
2024-09-21T23:50:35.897+02:00  INFO 6323 --- [movies-api] [           main] o.f.core.internal.command.DbMigrate      : Current version of schema "public": << Empty Schema >>
2024-09-21T23:50:35.899+02:00  INFO 6323 --- [movies-api] [           main] o.f.core.internal.command.DbMigrate      : Migrating schema "public" to version "1 - create movie table"
2024-09-21T23:50:35.909+02:00  INFO 6323 --- [movies-api] [           main] o.f.core.internal.command.DbMigrate      : Migrating schema "public" to version "2 - insert test data"
2024-09-21T23:50:35.915+02:00  INFO 6323 --- [movies-api] [           main] o.f.core.internal.command.DbMigrate      : Successfully applied 2 migrations to schema "public", now at version v2 (execution time 00:00.005s)
2024-09-21T23:50:35.934+02:00  INFO 6323 --- [movies-api] [           main] o.hibernate.jpa.internal.util.LogHelper  : HHH000204: Processing PersistenceUnitInfo [name: default]
2024-09-21T23:50:35.935+02:00  INFO 6323 --- [movies-api] [           main] o.h.c.internal.RegionFactoryInitiator    : HHH000026: Second-level cache disabled
2024-09-21T23:50:35.940+02:00  INFO 6323 --- [movies-api] [           main] o.s.o.j.p.SpringPersistenceUnitInfo      : No LoadTimeWeaver setup: ignoring JPA class transformer
2024-09-21T23:50:35.941+02:00  INFO 6323 --- [movies-api] [           main] com.zaxxer.hikari.HikariDataSource       : HikariPool-2 - Starting...
2024-09-21T23:50:35.952+02:00  INFO 6323 --- [movies-api] [           main] com.zaxxer.hikari.pool.HikariPool        : HikariPool-2 - Added connection org.postgresql.jdbc.PgConnection@38ebee36
2024-09-21T23:50:35.952+02:00  INFO 6323 --- [movies-api] [           main] com.zaxxer.hikari.HikariDataSource       : HikariPool-2 - Start completed.
2024-09-21T23:50:35.983+02:00  INFO 6323 --- [movies-api] [           main] o.h.e.t.j.p.i.JtaPlatformInitiator       : HHH000489: No JTA platform available (set 'hibernate.transaction.jta.platform' to enable JTA platform integration)
2024-09-21T23:50:35.989+02:00  INFO 6323 --- [movies-api] [           main] j.LocalContainerEntityManagerFactoryBean : Initialized JPA EntityManagerFactory for persistence unit 'default'
2024-09-21T23:50:36.043+02:00  WARN 6323 --- [movies-api] [           main] JpaBaseConfiguration$JpaWebConfiguration : spring.jpa.open-in-view is enabled by default. Therefore, database queries may be performed during view rendering. Explicitly configure spring.jpa.open-in-view to disable this warning
2024-09-21T23:50:36.344+02:00  INFO 6323 --- [movies-api] [           main] o.s.b.a.e.web.EndpointLinksResolver      : Exposing 1 endpoint beneath base path '/actuator'
2024-09-21T23:50:36.386+02:00  INFO 6323 --- [movies-api] [           main] c.m.m.MoviesApiApplicationTests          : Started MoviesApiApplicationTests in 2.774 seconds (process running for 34.24)
]]></system-out>
  </testcase>
</testsuite>